<?xml version="1.0" encoding="UTF-8"?>
<testng-results ignored="0" total="1" passed="1" failed="0" skipped="0">
  <reporter-output>
  </reporter-output>
  <suite started-at="2024-04-23T11:39:52 IST" name="Surefire suite" finished-at="2024-04-23T11:40:31 IST" duration-ms="38248">
    <groups>
    </groups>
    <test started-at="2024-04-23T11:39:52 IST" name="Surefire test" finished-at="2024-04-23T11:40:31 IST" duration-ms="38248">
      <class name="AppTest">
        <test-method is-config="true" signature="initialize()[pri:0, instance:AppTest@11a9e7c8]" started-at="2024-04-23T11:39:52 IST" name="initialize" finished-at="2024-04-23T11:40:24 IST" duration-ms="32053" status="PASS">
          <reporter-output>
          </reporter-output>
        </test-method> <!-- initialize -->
        <test-method signature="login()[pri:0, instance:AppTest@11a9e7c8]" started-at="2024-04-23T11:40:24 IST" name="login" finished-at="2024-04-23T11:40:30 IST" duration-ms="6010" status="PASS">
          <reporter-output>
          </reporter-output>
        </test-method> <!-- login -->
        <test-method is-config="true" signature="testQuit()[pri:0, instance:AppTest@11a9e7c8]" started-at="2024-04-23T11:40:30 IST" name="testQuit" finished-at="2024-04-23T11:40:31 IST" duration-ms="154" status="PASS">
          <reporter-output>
          </reporter-output>
        </test-method> <!-- testQuit -->
      </class> <!-- AppTest -->
    </test> <!-- Surefire test -->
  </suite> <!-- Surefire suite -->
</testng-results>
